make all --print-data-base --no-builtin-variables --no-builtin-rules --question
# GNU Make 3.81
# Copyright (C) 2006  Free Software Foundation, Inc.
# This is free software; see the source for copying conditions.
# There is NO warranty; not even for MERCHANTABILITY or FITNESS FOR A
# PARTICULAR PURPOSE.

# This program built for i386-apple-darwin11.3.0
 

# Make data base, printed on Wed Apr 27 15:07:54 2022

# Variables

# automatic
<D = $(patsubst %/,%,$(dir $<))
# automatic
?F = $(notdir $?)
# environment
VSCODE_LOG_NATIVE = false
# automatic
?D = $(patsubst %/,%,$(dir $?))
# automatic
@D = $(patsubst %/,%,$(dir $@))
# automatic
@F = $(notdir $@)
# makefile
CURDIR := /Users/otoufah/So_long
# makefile
SHELL = /bin/sh
# makefile (from `Makefile', line 7)
RM = rm -rf
# environment
VSCODE_NLS_CONFIG = {"locale":"en-us","availableLanguages":{},"_languagePackSupport":true}
# environment
_ = /usr/bin/make
# makefile (from `Makefile', line 3)
CFLAGS = -Wall -Werror -Wextra
# makefile (from `Makefile', line 1)
MAKEFILE_LIST :=  Makefile
# environment
VSCODE_VERBOSE_LOGGING = true
# environment
VSCODE_IPC_HOOK_EXTHOST = /var/folders/zz/zyxvpxvq6csfxvn_n0000jg00004br/T/vscode-ipc-935b69c5-3ae6-4d81-bdbc-22baf16f39b7.sock
# environment
VSCODE_CWD = /
# environment
Apple_PubSub_Socket_Render = /private/tmp/com.apple.launchd.eAz9SlhzOG/Render
# environment
PATH = /Users/otoufah/goinfre/otoufah/.brew/bin:/usr/local/bin:/usr/bin:/bin:/usr/sbin:/sbin:/usr/local/munki:/goinfre/otoufah/miniconda3/condabin
# environment
LSCOLORS = Gxfxcxdxbxegedabagacad
# environment
HOME_BREW = /Users/otoufah/goinfre/otoufah
# makefile (from `Makefile', line 11)
AR = ar rcs
# environment
VSCODE_LOG_STACK = false
# environment
ELECTRON_RUN_AS_NODE = 1
# default
.FEATURES := target-specific order-only second-expansion else-if archives jobserver check-symlink
# environment
SSH_AUTH_SOCK = /private/tmp/com.apple.launchd.YlFGY8hy03/Listeners
# automatic
%F = $(notdir $%)
# environment
VSCODE_PIPE_LOGGING = true
# environment
PWD = /Users/otoufah/So_long
# environment
ORIGINAL_XDG_CURRENT_DESKTOP = undefined
# environment
VSCODE_AMD_ENTRYPOINT = vs/workbench/api/node/extensionHostProcess
# environment
HOME = /Users/otoufah
# default
MAKEFILEPATH := /Applications/Xcode.app/Contents/Developer/Makefiles
# environment
VSCODE_CODE_CACHE_PATH = /Users/otoufah/Library/Application Support/Code/CachedData/dfd34e8260c270da74b5c2d86d61aee4b6d56977
# environment
LOGNAME = otoufah
# environment
APPLICATION_INSIGHTS_NO_DIAGNOSTIC_CHANNEL = 1
# environment
ZSH = /Users/otoufah/.oh-my-zsh
# environment
VSCODE_HANDLES_UNCAUGHT_ERRORS = true
# makefile (from `Makefile', line 13)
FUNCTIONS = gnl_so_long/gnl_so_long.c gnl_so_long/gnl_so_long_utils.c libft/ft_split.c libft/ft_strlcpy.c libft/ft_strlen.c libft/ft_itoa.c libft/ft_putstr.c libft/ft_strcmp.c map_filling.c get_player_positions.c nbr_of_appels.c map_checking/checking_bottom.c map_checking/checking_componenets.c map_checking/checking_left.c map_checking/checking_right.c map_checking/checking_top.c map_checking/final_check.c map_checking/height_width.c map_checking/map_reading.c moves_down.c moves_left.c moves_right.c moves_up.c putting_moves_into_windows.c check_and_exit.c checking_ber.c destroy_window.c print_error.c get_keys.c close_window.c appels_animation.c 
# automatic
^D = $(patsubst %/,%,$(dir $^))
# environment
XPC_FLAGS = 0x0
# default
MAKE = $(MAKE_COMMAND)
# default
MAKECMDGOALS := all
# environment
SHLVL = 1
# makefile (from `Makefile', line 9)
CC = gcc
# default
MAKE_VERSION := 3.81
# environment
USER = otoufah
# makefile
.DEFAULT_GOAL := all
# makefile (from `Makefile', line 1)
NAME = so_long
# environment
LESS = -R
# automatic
%D = $(patsubst %/,%,$(dir $%))
# default
MAKE_COMMAND := /Applications/Xcode.app/Contents/Developer/usr/bin/make
# default
.VARIABLES := 
# environment
TMPDIR = /var/folders/zz/zyxvpxvq6csfxvn_n0000jg00004br/T/
# automatic
*F = $(notdir $*)
# environment
VSCODE_IPC_HOOK = /Users/otoufah/Library/Application Support/Code/1.66.2-main.sock
# makefile
MAKEFLAGS = Rrqp
# environment
MFLAGS = -Rrqp
# automatic
*D = $(patsubst %/,%,$(dir $*))
# environment
XPC_SERVICE_NAME = com.apple.xpc.launchd.oneshot.0x10000003.Electron
# automatic
+D = $(patsubst %/,%,$(dir $+))
# automatic
+F = $(notdir $+)
# environment
__CF_USER_TEXT_ENCODING = 0x1178:0x0:0x0
# environment
COMMAND_MODE = unix2003
# default
MAKEFILES := 
# automatic
<F = $(notdir $<)
# makefile (from `Makefile', line 5)
MLX_FLAGS = -fsanitize=address -g -lmlx -framework OpenGL -framework AppKit
# environment
PAGER = less
# environment
LC_ALL = C
# environment
SECURITYSESSIONID = 186a9
# automatic
^F = $(notdir $^)
# default
SUFFIXES := 
# default
.INCLUDE_DIRS = /usr/local/include
# environment
MAKELEVEL := 0
# makefile (from `Makefile', line 46)
OBJECTS = $(FUNCTIONS:.c=.o)
# environment
LANG = C
# environment
VSCODE_PID = 47282
# variable set hash-table stats:
# Load=76/1024=7%, Rehash=0, Collisions=1/104=1%

# Pattern-specific Variable Values

# No pattern-specific variable values.

# Directories

# . (device 16777227, inode 3825233): 44 files, no impossibilities.

# 44 files, no impossibilities in 1 directories.

# Implicit Rules

# No implicit rules.

# Files

# Not a target:
map_filling.o:
#  Implicit rule search has been done.
#  Last modified 2022-04-27 15:07:39
#  File has been updated.
#  Successfully updated.
# variable set hash-table stats:
# Load=0/32=0%, Rehash=0, Collisions=0/0=0%

all: so_long
#  Command-line target.
#  Implicit rule search has been done.
#  File does not exist.
#  File has been updated.
#  Successfully updated.
# variable set hash-table stats:
# Load=0/32=0%, Rehash=0, Collisions=0/0=0%

# Not a target:
libft/ft_itoa.o:
#  Implicit rule search has been done.
#  Last modified 2022-04-27 15:07:38
#  File has been updated.
#  Successfully updated.
# variable set hash-table stats:
# Load=0/32=0%, Rehash=0, Collisions=0/0=0%

# Not a target:
libft/ft_strlen.o:
#  Implicit rule search has been done.
#  Last modified 2022-04-27 15:07:38
#  File has been updated.
#  Successfully updated.
# variable set hash-table stats:
# Load=0/32=0%, Rehash=0, Collisions=0/0=0%

# Not a target:
map_checking/checking_top.o:
#  Implicit rule search has been done.
#  Last modified 2022-04-27 15:07:39
#  File has been updated.
#  Successfully updated.
# variable set hash-table stats:
# Load=0/32=0%, Rehash=0, Collisions=0/0=0%

# Not a target:
.SUFFIXES:
#  Implicit rule search has not been done.
#  Modification time never checked.
#  File has not been updated.

# Not a target:
libft/ft_split.o:
#  Implicit rule search has been done.
#  Last modified 2022-04-27 15:07:38
#  File has been updated.
#  Successfully updated.
# variable set hash-table stats:
 
# Load=0/32=0%, Rehash=0, Collisions=0/0=0%

# Not a target:
Makefile:
#  Implicit rule search has been done.
#  Last modified 2022-04-27 15:02:37
#  File has been updated.
#  Successfully updated.
# variable set hash-table stats:
# Load=0/32=0%, Rehash=0, Collisions=0/0=0%

# Not a target:
libft/ft_putstr.o:
#  Implicit rule search has been done.
#  Last modified 2022-04-27 15:07:39
#  File has been updated.
#  Successfully updated.
# variable set hash-table stats:
# Load=0/32=0%, Rehash=0, Collisions=0/0=0%

# Not a target:
moves_right.o:
#  Implicit rule search has been done.
#  Last modified 2022-04-27 15:07:39
#  File has been updated.
#  Successfully updated.
# variable set hash-table stats:
# Load=0/32=0%, Rehash=0, Collisions=0/0=0%

# Not a target:
check_and_exit.o:
#  Implicit rule search has been done.
#  Last modified 2022-04-27 15:07:39
#  File has been updated.
#  Successfully updated.
# variable set hash-table stats:
# Load=0/32=0%, Rehash=0, Collisions=0/0=0%

# Not a target:
map_checking/checking_right.o:
#  Implicit rule search has been done.
#  Last modified 2022-04-27 15:07:39
#  File has been updated.
#  Successfully updated.
# variable set hash-table stats:
# Load=0/32=0%, Rehash=0, Collisions=0/0=0%

fclean: clean
#  Implicit rule search has not been done.
#  Modification time never checked.
#  File has not been updated.
#  commands to execute (from `Makefile', line 58):
	$(RM) $(NAME) $(BONUS)
	

# Not a target:
print_error.o:
#  Implicit rule search has been done.
#  Last modified 2022-04-27 15:07:40
#  File has been updated.
#  Successfully updated.
# variable set hash-table stats:
# Load=0/32=0%, Rehash=0, Collisions=0/0=0%

# Not a target:
map_checking/checking_bottom.o:
#  Implicit rule search has been done.
#  Last modified 2022-04-27 15:07:39
#  File has been updated.
#  Successfully updated.
# variable set hash-table stats:
# Load=0/32=0%, Rehash=0, Collisions=0/0=0%

# Not a target:
putting_moves_into_windows.o:
#  Implicit rule search has been done.
#  Last modified 2022-04-27 15:07:39
#  File has been updated.
#  Successfully updated.
# variable set hash-table stats:
# Load=0/32=0%, Rehash=0, Collisions=0/0=0%

# Not a target:
close_window.o:
#  Implicit rule search has been done.
#  Last modified 2022-04-27 15:07:40
#  File has been updated.
#  Successfully updated.
# variable set hash-table stats:
# Load=0/32=0%, Rehash=0, Collisions=0/0=0%

# Not a target:
appels_animation.o:
#  Implicit rule search has been done.
#  Last modified 2022-04-27 15:07:40
#  File has been updated.
#  Successfully updated.
# variable set hash-table stats:
# Load=0/32=0%, Rehash=0, Collisions=0/0=0%

# Not a target:
nbr_of_appels.o:
#  Implicit rule search has been done.
#  Last modified 2022-04-27 15:07:39
#  File has been updated.
#  Successfully updated.
# variable set hash-table stats:
# Load=0/32=0%, Rehash=0, Collisions=0/0=0%

# Not a target:
.DEFAULT:
#  Implicit rule search has not been done.
#  Modification time never checked.
#  File has not been updated.

# Not a target:
moves_up.o:
#  Implicit rule search has been done.
#  Last modified 2022-04-27 15:07:39
#  File has been updated.
#  Successfully updated.
# variable set hash-table stats:
# Load=0/32=0%, Rehash=0, Collisions=0/0=0%

# Not a target:
gnl_so_long/gnl_so_long_utils.o:
#  Implicit rule search has been done.
#  Last modified 2022-04-27 15:07:38
#  File has been updated.
#  Successfully updated.
# variable set hash-table stats:
# Load=0/32=0%, Rehash=0, Collisions=0/0=0%

re: fclean all
#  Implicit rule search has not been done.
#  Modification time never checked.
#  File has not been updated.

clean:
#  Implicit rule search has not been done.
#  Modification time never checked.
#  File has not been updated.
#  commands to execute (from `Makefile', line 55):
	$(RM)	$(OBJECTS)
	

# Not a target:
get_keys.o:
#  Implicit rule search has been done.
#  Last modified 2022-04-27 15:07:40
#  File has been updated.
#  Successfully updated.
# variable set hash-table stats:
# Load=0/32=0%, Rehash=0, Collisions=0/0=0%

# Not a target:
libft/ft_strlcpy.o:
#  Implicit rule search has been done.
#  Last modified 2022-04-27 15:07:38
#  File has been updated.
#  Successfully updated.
# variable set hash-table stats:
# Load=0/32=0%, Rehash=0, Collisions=0/0=0%

# Not a target:
destroy_window.o:
#  Implicit rule search has been done.
#  Last modified 2022-04-27 15:07:40
#  File has been updated.
#  Successfully updated.
# variable set hash-table stats:
# Load=0/32=0%, Rehash=0, Collisions=0/0=0%

# Not a target:
libft/ft_strcmp.o:
#  Implicit rule search has been done.
#  Last modified 2022-04-27 15:07:39
#  File has been updated.
#  Successfully updated.
# variable set hash-table stats:
# Load=0/32=0%, Rehash=0, Collisions=0/0=0%

# Not a target:
map_checking/height_width.o:
#  Implicit rule search has been done.
#  Last modified 2022-04-27 15:07:39
#  File has been updated.
#  Successfully updated.
# variable set hash-table stats:
# Load=0/32=0%, Rehash=0, Collisions=0/0=0%

# Not a target:
moves_left.o:
#  Implicit rule search has been done.
#  Last modified 2022-04-27 15:07:39
#  File has been updated.
#  Successfully updated.
# variable set hash-table stats:
# Load=0/32=0%, Rehash=0, Collisions=0/0=0%

# Not a target:
map_checking/checking_componenets.o:
#  Implicit rule search has been done.
#  Last modified 2022-04-27 15:07:39
#  File has been updated.
#  Successfully updated.
# variable set hash-table stats:
# Load=0/32=0%, Rehash=0, Collisions=0/0=0%

# Not a target:
get_player_positions.o:
#  Implicit rule search has been done.
#  Last modified 2022-04-27 15:07:39
#  File has been updated.
#  Successfully updated.
# variable set hash-table stats:
# Load=0/32=0%, Rehash=0, Collisions=0/0=0%

so_long: gnl_so_long/gnl_so_long.o gnl_so_long/gnl_so_long_utils.o libft/ft_split.o libft/ft_strlcpy.o libft/ft_strlen.o libft/ft_itoa.o libft/ft_putstr.o libft/ft_strcmp.o map_filling.o get_player_positions.o nbr_of_appels.o map_checking/checking_bottom.o map_checking/checking_componenets.o map_checking/checking_left.o map_checking/checking_right.o map_checking/checking_top.o map_checking/final_check.o map_checking/height_width.o map_checking/map_reading.o moves_down.o moves_left.o moves_right.o moves_up.o putting_moves_into_windows.o check_and_exit.o checking_ber.o destroy_window.o print_error.o get_keys.o close_window.o appels_animation.o
#  Implicit rule search has not been done.
#  Last modified 2022-04-27 15:07:40
#  File has been updated.
#  Successfully updated.
# variable set hash-table stats:
# Load=0/32=0%, Rehash=0, Collisions=0/0=0%
#  commands to execute (from `Makefile', line 52):
	$(CC) $(OBJECTS) $(CFLAGS) $(MLX_FLAGS) main.c -o $(NAME)
	

# Not a target:
map_checking/final_check.o:
#  Implicit rule search has been done.
#  Last modified 2022-04-27 15:07:39
#  File has been updated.
#  Successfully updated.
# variable set hash-table stats:
# Load=0/32=0%, Rehash=0, Collisions=0/0=0%

# Not a target:
moves_down.o:
#  Implicit rule search has been done.
#  Last modified 2022-04-27 15:07:39
#  File has been updated.
#  Successfully updated.
# variable set hash-table stats:
# Load=0/32=0%, Rehash=0, Collisions=0/0=0%

# Not a target:
map_checking/checking_left.o:
#  Implicit rule search has been done.
#  Last modified 2022-04-27 15:07:39
#  File has been updated.
#  Successfully updated.
# variable set hash-table stats:
# Load=0/32=0%, Rehash=0, Collisions=0/0=0%

# Not a target:
map_checking/map_reading.o:
#  Implicit rule search has been done.
#  Last modified 2022-04-27 15:07:39
#  File has been updated.
#  Successfully updated.
# variable set hash-table stats:
# Load=0/32=0%, Rehash=0, Collisions=0/0=0%

# Not a target:
gnl_so_long/gnl_so_long.o:
#  Implicit rule search has been done.
#  Last modified 2022-04-27 15:07:38
#  File has been updated.
#  Successfully updated.
# variable set hash-table stats:
# Load=0/32=0%, Rehash=0, Collisions=0/0=0%

# Not a target:
checking_ber.o:
#  Implicit rule search has been done.
#  Last modified 2022-04-27 15:07:40
#  File has been updated.
#  Successfully updated.
# variable set hash-table stats:
 
# Load=0/32=0%, Rehash=0, Collisions=0/0=0%

# files hash-table stats:
# Load=39/1024=4%, Rehash=0, Collisions=2/87=2%
# VPATH Search Paths

# No `vpath' search paths.

# No general (`VPATH' variable) search path.

# # of strings in strcache: 1
# # of strcache buffers: 1
# strcache size: total = 4096 / max = 4096 / min = 4096 / avg = 4096
# strcache free: total = 4087 / max = 4087 / min = 4087 / avg = 4087

# Finished Make data base on Wed Apr 27 15:07:54 2022

 
